<?xml version="1.0" encoding="UTF-8"?>
<coverage generated="1644070889799" clover="3.2.0">
  <project timestamp="1644070889799" name="All files">
    <metrics statements="45" coveredstatements="42" conditionals="23" coveredconditionals="15" methods="5" coveredmethods="4" elements="73" coveredelements="61" complexity="0" loc="45" ncloc="45" packages="1" files="3" classes="3"/>
    <file name="calculations.js" path="/home/bvf/programming/vef/v1/src/calculations.js">
      <metrics statements="13" coveredstatements="13" conditionals="2" coveredconditionals="1" methods="1" coveredmethods="1"/>
      <line num="3" count="2" type="stmt"/>
      <line num="4" count="13" type="cond" truecount="1" falsecount="1"/>
      <line num="5" count="13" type="stmt"/>
      <line num="8" count="2" type="stmt"/>
      <line num="9" count="2" type="stmt"/>
      <line num="10" count="2" type="stmt"/>
      <line num="11" count="2" type="stmt"/>
      <line num="12" count="2" type="stmt"/>
      <line num="13" count="2" type="stmt"/>
      <line num="14" count="2" type="stmt"/>
      <line num="15" count="2" type="stmt"/>
      <line num="16" count="2" type="stmt"/>
      <line num="17" count="2" type="stmt"/>
    </file>
    <file name="make-html.js" path="/home/bvf/programming/vef/v1/src/make-html.js">
      <metrics statements="12" coveredstatements="10" conditionals="5" coveredconditionals="1" methods="2" coveredmethods="1"/>
      <line num="5" count="1" type="stmt"/>
      <line num="7" count="1" type="stmt"/>
      <line num="10" count="1" type="stmt"/>
      <line num="12" count="1" type="cond" truecount="1" falsecount="1"/>
      <line num="13" count="1" type="stmt"/>
      <line num="14" count="1" type="stmt"/>
      <line num="16" count="1" type="stmt"/>
      <line num="17" count="8" type="stmt"/>
      <line num="24" count="1" type="stmt"/>
      <line num="33" count="1" type="stmt"/>
      <line num="45" count="0" type="cond" truecount="0" falsecount="2"/>
      <line num="46" count="0" type="stmt"/>
    </file>
    <file name="parser.js" path="/home/bvf/programming/vef/v1/src/parser.js">
      <metrics statements="20" coveredstatements="19" conditionals="16" coveredconditionals="13" methods="2" coveredmethods="2"/>
      <line num="3" count="5" type="cond" truecount="2" falsecount="0"/>
      <line num="4" count="4" type="stmt"/>
      <line num="5" count="4" type="stmt"/>
      <line num="7" count="4" type="stmt"/>
      <line num="8" count="11" type="cond" truecount="2" falsecount="0"/>
      <line num="9" count="5" type="cond" truecount="1" falsecount="1"/>
      <line num="10" count="5" type="stmt"/>
      <line num="11" count="0" type="stmt"/>
      <line num="12" count="6" type="cond" truecount="4" falsecount="0"/>
      <line num="13" count="3" type="stmt"/>
      <line num="14" count="3" type="cond" truecount="1" falsecount="1"/>
      <line num="18" count="4" type="cond" truecount="1" falsecount="1"/>
      <line num="20" count="4" type="stmt"/>
      <line num="23" count="8" type="cond" truecount="2" falsecount="0"/>
      <line num="24" count="3" type="stmt"/>
      <line num="25" count="3" type="stmt"/>
      <line num="27" count="5" type="stmt"/>
      <line num="28" count="5" type="stmt"/>
      <line num="29" count="5" type="stmt"/>
      <line num="32" count="8" type="stmt"/>
    </file>
  </project>
</coverage>
