{"/home/bvf/programming/vef/v1/src/calculations.js": {"path":"/home/bvf/programming/vef/v1/src/calculations.js","statementMap":{"0":{"start":{"line":3,"column":2},"end":{"line":6,"column":3}},"1":{"start":{"line":3,"column":15},"end":{"line":3,"column":16}},"2":{"start":{"line":4,"column":4},"end":{"line":4,"column":60}},"3":{"start":{"line":4,"column":27},"end":{"line":4,"column":60}},"4":{"start":{"line":5,"column":4},"end":{"line":5,"column":36}},"5":{"start":{"line":8,"column":15},"end":{"line":8,"column":17}},"6":{"start":{"line":9,"column":2},"end":{"line":9,"column":50}},"7":{"start":{"line":10,"column":2},"end":{"line":10,"column":40}},"8":{"start":{"line":11,"column":2},"end":{"line":11,"column":42}},"9":{"start":{"line":12,"column":2},"end":{"line":12,"column":46}},"10":{"start":{"line":13,"column":2},"end":{"line":13,"column":40}},"11":{"start":{"line":14,"column":2},"end":{"line":14,"column":68}},"12":{"start":{"line":15,"column":2},"end":{"line":15,"column":40}},"13":{"start":{"line":16,"column":2},"end":{"line":16,"column":60}},"14":{"start":{"line":17,"column":2},"end":{"line":17,"column":14}}},"fnMap":{"0":{"name":"calculations","decl":{"start":{"line":2,"column":16},"end":{"line":2,"column":28}},"loc":{"start":{"line":2,"column":38},"end":{"line":18,"column":1}},"line":2}},"branchMap":{"0":{"loc":{"start":{"line":4,"column":4},"end":{"line":4,"column":60}},"type":"if","locations":[{"start":{"line":4,"column":4},"end":{"line":4,"column":60}},{"start":{},"end":{}}],"line":4}},"s":{"0":2,"1":2,"2":13,"3":0,"4":13,"5":2,"6":2,"7":2,"8":2,"9":2,"10":2,"11":2,"12":2,"13":2,"14":2},"f":{"0":2},"b":{"0":[0,13]},"_coverageSchema":"1a1c01bbd47fc00a2c39e90264f33305004495a9","hash":"94c2516fe756d2592370b0e6d7987a9ed29c2ca6"}
,"/home/bvf/programming/vef/v1/src/make-html.js": {"path":"/home/bvf/programming/vef/v1/src/make-html.js","statementMap":{"0":{"start":{"line":5,"column":15},"end":{"line":5,"column":20}},"1":{"start":{"line":7,"column":15},"end":{"line":7,"column":20}},"2":{"start":{"line":10,"column":11},"end":{"line":10,"column":13}},"3":{"start":{"line":12,"column":2},"end":{"line":20,"column":3}},"4":{"start":{"line":13,"column":17},"end":{"line":13,"column":36}},"5":{"start":{"line":14,"column":4},"end":{"line":14,"column":18}},"6":{"start":{"line":16,"column":4},"end":{"line":19,"column":5}},"7":{"start":{"line":16,"column":17},"end":{"line":16,"column":18}},"8":{"start":{"line":17,"column":6},"end":{"line":17,"column":52}},"9":{"start":{"line":24,"column":19},"end":{"line":31,"column":17}},"10":{"start":{"line":33,"column":2},"end":{"line":33,"column":18}},"11":{"start":{"line":45,"column":15},"end":{"line":45,"column":64}},"12":{"start":{"line":46,"column":2},"end":{"line":57,"column":11}}},"fnMap":{"0":{"name":"makeHTML","decl":{"start":{"line":4,"column":16},"end":{"line":4,"column":24}},"loc":{"start":{"line":4,"column":39},"end":{"line":34,"column":1}},"line":4},"1":{"name":"blogTemplate","decl":{"start":{"line":44,"column":16},"end":{"line":44,"column":28}},"loc":{"start":{"line":44,"column":60},"end":{"line":59,"column":1}},"line":44}},"branchMap":{"0":{"loc":{"start":{"line":12,"column":2},"end":{"line":20,"column":3}},"type":"if","locations":[{"start":{"line":12,"column":2},"end":{"line":20,"column":3}},{"start":{},"end":{}}],"line":12},"1":{"loc":{"start":{"line":44,"column":42},"end":{"line":44,"column":58}},"type":"default-arg","locations":[{"start":{"line":44,"column":53},"end":{"line":44,"column":58}}],"line":44},"2":{"loc":{"start":{"line":45,"column":15},"end":{"line":45,"column":64}},"type":"cond-expr","locations":[{"start":{"line":45,"column":26},"end":{"line":45,"column":59}},{"start":{"line":45,"column":62},"end":{"line":45,"column":64}}],"line":45}},"s":{"0":1,"1":1,"2":1,"3":1,"4":1,"5":1,"6":1,"7":1,"8":8,"9":1,"10":1,"11":0,"12":0},"f":{"0":1,"1":0},"b":{"0":[1,0],"1":[0],"2":[0,0]},"_coverageSchema":"1a1c01bbd47fc00a2c39e90264f33305004495a9","hash":"f124ce6b8983de0141c8313c0387db26c483e2bf"}
,"/home/bvf/programming/vef/v1/src/parser.js": {"path":"/home/bvf/programming/vef/v1/src/parser.js","statementMap":{"0":{"start":{"line":3,"column":2},"end":{"line":3,"column":42}},"1":{"start":{"line":3,"column":20},"end":{"line":3,"column":42}},"2":{"start":{"line":4,"column":2},"end":{"line":4,"column":23}},"3":{"start":{"line":5,"column":14},"end":{"line":5,"column":32}},"4":{"start":{"line":7,"column":2},"end":{"line":16,"column":3}},"5":{"start":{"line":7,"column":15},"end":{"line":7,"column":31}},"6":{"start":{"line":8,"column":4},"end":{"line":14,"column":49}},"7":{"start":{"line":9,"column":6},"end":{"line":11,"column":30}},"8":{"start":{"line":10,"column":8},"end":{"line":10,"column":47}},"9":{"start":{"line":11,"column":11},"end":{"line":11,"column":30}},"10":{"start":{"line":12,"column":11},"end":{"line":14,"column":49}},"11":{"start":{"line":13,"column":6},"end":{"line":13,"column":49}},"12":{"start":{"line":14,"column":9},"end":{"line":14,"column":49}},"13":{"start":{"line":14,"column":30},"end":{"line":14,"column":49}},"14":{"start":{"line":18,"column":2},"end":{"line":18,"column":48}},"15":{"start":{"line":18,"column":26},"end":{"line":18,"column":48}},"16":{"start":{"line":20,"column":2},"end":{"line":20,"column":15}},"17":{"start":{"line":23,"column":2},"end":{"line":30,"column":3}},"18":{"start":{"line":24,"column":4},"end":{"line":24,"column":37}},"19":{"start":{"line":25,"column":4},"end":{"line":25,"column":37}},"20":{"start":{"line":27,"column":14},"end":{"line":27,"column":30}},"21":{"start":{"line":28,"column":14},"end":{"line":28,"column":31}},"22":{"start":{"line":29,"column":4},"end":{"line":29,"column":25}},"23":{"start":{"line":32,"column":2},"end":{"line":32,"column":15}}},"fnMap":{"0":{"name":"parse","decl":{"start":{"line":1,"column":16},"end":{"line":1,"column":21}},"loc":{"start":{"line":1,"column":29},"end":{"line":21,"column":1}},"line":1},"1":{"name":"changeFormat","decl":{"start":{"line":22,"column":9},"end":{"line":22,"column":21}},"loc":{"start":{"line":22,"column":37},"end":{"line":33,"column":1}},"line":22}},"branchMap":{"0":{"loc":{"start":{"line":3,"column":2},"end":{"line":3,"column":42}},"type":"if","locations":[{"start":{"line":3,"column":2},"end":{"line":3,"column":42}},{"start":{},"end":{}}],"line":3},"1":{"loc":{"start":{"line":8,"column":4},"end":{"line":14,"column":49}},"type":"if","locations":[{"start":{"line":8,"column":4},"end":{"line":14,"column":49}},{"start":{"line":12,"column":11},"end":{"line":14,"column":49}}],"line":8},"2":{"loc":{"start":{"line":9,"column":6},"end":{"line":11,"column":30}},"type":"if","locations":[{"start":{"line":9,"column":6},"end":{"line":11,"column":30}},{"start":{"line":11,"column":11},"end":{"line":11,"column":30}}],"line":9},"3":{"loc":{"start":{"line":12,"column":11},"end":{"line":14,"column":49}},"type":"if","locations":[{"start":{"line":12,"column":11},"end":{"line":14,"column":49}},{"start":{"line":14,"column":9},"end":{"line":14,"column":49}}],"line":12},"4":{"loc":{"start":{"line":12,"column":15},"end":{"line":12,"column":63}},"type":"binary-expr","locations":[{"start":{"line":12,"column":15},"end":{"line":12,"column":37}},{"start":{"line":12,"column":41},"end":{"line":12,"column":63}}],"line":12},"5":{"loc":{"start":{"line":14,"column":9},"end":{"line":14,"column":49}},"type":"if","locations":[{"start":{"line":14,"column":9},"end":{"line":14,"column":49}},{"start":{},"end":{}}],"line":14},"6":{"loc":{"start":{"line":18,"column":2},"end":{"line":18,"column":48}},"type":"if","locations":[{"start":{"line":18,"column":2},"end":{"line":18,"column":48}},{"start":{},"end":{}}],"line":18},"7":{"loc":{"start":{"line":23,"column":2},"end":{"line":30,"column":3}},"type":"if","locations":[{"start":{"line":23,"column":2},"end":{"line":30,"column":3}},{"start":{"line":26,"column":9},"end":{"line":30,"column":3}}],"line":23}},"s":{"0":5,"1":1,"2":4,"3":4,"4":4,"5":4,"6":11,"7":5,"8":5,"9":0,"10":6,"11":3,"12":3,"13":0,"14":4,"15":0,"16":4,"17":8,"18":3,"19":3,"20":5,"21":5,"22":5,"23":8},"f":{"0":5,"1":8},"b":{"0":[1,4],"1":[5,6],"2":[5,0],"3":[3,3],"4":[6,4],"5":[0,3],"6":[0,4],"7":[3,5]},"_coverageSchema":"1a1c01bbd47fc00a2c39e90264f33305004495a9","hash":"7a46690ee06e66e84b1463348a3eb916d25eee2e"}
}
