{"/home/bvf/vef2-v1/src/calculations.js": {"path":"/home/bvf/vef2-v1/src/calculations.js","statementMap":{"0":{"start":{"line":4,"column":15},"end":{"line":4,"column":17}},"1":{"start":{"line":5,"column":2},"end":{"line":7,"column":3}},"2":{"start":{"line":5,"column":15},"end":{"line":5,"column":16}},"3":{"start":{"line":6,"column":4},"end":{"line":6,"column":34}},"4":{"start":{"line":9,"column":15},"end":{"line":9,"column":17}},"5":{"start":{"line":10,"column":2},"end":{"line":10,"column":44}},"6":{"start":{"line":11,"column":2},"end":{"line":11,"column":34}},"7":{"start":{"line":12,"column":2},"end":{"line":12,"column":36}},"8":{"start":{"line":13,"column":2},"end":{"line":13,"column":40}},"9":{"start":{"line":14,"column":2},"end":{"line":14,"column":34}},"10":{"start":{"line":15,"column":2},"end":{"line":15,"column":62}},"11":{"start":{"line":16,"column":2},"end":{"line":16,"column":34}},"12":{"start":{"line":17,"column":2},"end":{"line":17,"column":48}},"13":{"start":{"line":18,"column":2},"end":{"line":18,"column":14}}},"fnMap":{"0":{"name":"calculations","decl":{"start":{"line":3,"column":16},"end":{"line":3,"column":28}},"loc":{"start":{"line":3,"column":38},"end":{"line":19,"column":1}},"line":3}},"branchMap":{},"s":{"0":1,"1":1,"2":1,"3":4,"4":1,"5":1,"6":1,"7":1,"8":1,"9":1,"10":1,"11":1,"12":1,"13":1},"f":{"0":1},"b":{},"_coverageSchema":"1a1c01bbd47fc00a2c39e90264f33305004495a9","hash":"b09b5c298ab22eb132b49992da1606cc59e9616d"}
,"/home/bvf/vef2-v1/src/make-html.js": {"path":"/home/bvf/vef2-v1/src/make-html.js","statementMap":{"0":{"start":{"line":4,"column":15},"end":{"line":4,"column":20}},"1":{"start":{"line":6,"column":11},"end":{"line":6,"column":13}},"2":{"start":{"line":8,"column":2},"end":{"line":16,"column":3}},"3":{"start":{"line":9,"column":17},"end":{"line":9,"column":36}},"4":{"start":{"line":10,"column":4},"end":{"line":13,"column":5}},"5":{"start":{"line":10,"column":17},"end":{"line":10,"column":18}},"6":{"start":{"line":11,"column":6},"end":{"line":12,"column":10}},"7":{"start":{"line":15,"column":4},"end":{"line":15,"column":19}},"8":{"start":{"line":19,"column":19},"end":{"line":26,"column":17}},"9":{"start":{"line":28,"column":2},"end":{"line":28,"column":18}},"10":{"start":{"line":32,"column":13},"end":{"line":32,"column":15}},"11":{"start":{"line":33,"column":2},"end":{"line":36,"column":3}},"12":{"start":{"line":34,"column":17},"end":{"line":34,"column":71}},"13":{"start":{"line":35,"column":4},"end":{"line":35,"column":17}},"14":{"start":{"line":37,"column":2},"end":{"line":37,"column":28}},"15":{"start":{"line":41,"column":15},"end":{"line":41,"column":64}},"16":{"start":{"line":42,"column":2},"end":{"line":53,"column":11}}},"fnMap":{"0":{"name":"makeHTML","decl":{"start":{"line":3,"column":16},"end":{"line":3,"column":24}},"loc":{"start":{"line":3,"column":39},"end":{"line":29,"column":1}},"line":3},"1":{"name":"makeIndex","decl":{"start":{"line":31,"column":16},"end":{"line":31,"column":25}},"loc":{"start":{"line":31,"column":33},"end":{"line":38,"column":1}},"line":31},"2":{"name":"skraTemplate","decl":{"start":{"line":40,"column":16},"end":{"line":40,"column":28}},"loc":{"start":{"line":40,"column":60},"end":{"line":54,"column":1}},"line":40}},"branchMap":{"0":{"loc":{"start":{"line":8,"column":2},"end":{"line":16,"column":3}},"type":"if","locations":[{"start":{"line":8,"column":2},"end":{"line":16,"column":3}},{"start":{},"end":{}}],"line":8},"1":{"loc":{"start":{"line":40,"column":42},"end":{"line":40,"column":58}},"type":"default-arg","locations":[{"start":{"line":40,"column":53},"end":{"line":40,"column":58}}],"line":40},"2":{"loc":{"start":{"line":41,"column":15},"end":{"line":41,"column":64}},"type":"cond-expr","locations":[{"start":{"line":41,"column":26},"end":{"line":41,"column":59}},{"start":{"line":41,"column":62},"end":{"line":41,"column":64}}],"line":41}},"s":{"0":1,"1":1,"2":1,"3":1,"4":1,"5":1,"6":8,"7":1,"8":1,"9":1,"10":0,"11":0,"12":0,"13":0,"14":0,"15":0,"16":0},"f":{"0":1,"1":0,"2":0},"b":{"0":[1,0],"1":[0],"2":[0,0]},"_coverageSchema":"1a1c01bbd47fc00a2c39e90264f33305004495a9","hash":"ecc8bd7e96c4f123177181abbc87e753339a6649"}
,"/home/bvf/vef2-v1/src/parser.js": {"path":"/home/bvf/vef2-v1/src/parser.js","statementMap":{"0":{"start":{"line":3,"column":2},"end":{"line":10,"column":3}},"1":{"start":{"line":4,"column":4},"end":{"line":4,"column":37}},"2":{"start":{"line":5,"column":4},"end":{"line":5,"column":37}},"3":{"start":{"line":7,"column":14},"end":{"line":7,"column":30}},"4":{"start":{"line":8,"column":14},"end":{"line":8,"column":31}},"5":{"start":{"line":9,"column":4},"end":{"line":9,"column":25}},"6":{"start":{"line":12,"column":2},"end":{"line":12,"column":15}},"7":{"start":{"line":16,"column":2},"end":{"line":16,"column":23}},"8":{"start":{"line":17,"column":2},"end":{"line":17,"column":42}},"9":{"start":{"line":17,"column":20},"end":{"line":17,"column":42}},"10":{"start":{"line":18,"column":16},"end":{"line":18,"column":34}},"11":{"start":{"line":20,"column":2},"end":{"line":28,"column":3}},"12":{"start":{"line":20,"column":15},"end":{"line":20,"column":31}},"13":{"start":{"line":21,"column":4},"end":{"line":27,"column":49}},"14":{"start":{"line":22,"column":6},"end":{"line":24,"column":30}},"15":{"start":{"line":23,"column":8},"end":{"line":23,"column":47}},"16":{"start":{"line":24,"column":11},"end":{"line":24,"column":30}},"17":{"start":{"line":25,"column":11},"end":{"line":27,"column":49}},"18":{"start":{"line":26,"column":6},"end":{"line":26,"column":49}},"19":{"start":{"line":27,"column":9},"end":{"line":27,"column":49}},"20":{"start":{"line":27,"column":30},"end":{"line":27,"column":49}},"21":{"start":{"line":30,"column":2},"end":{"line":30,"column":48}},"22":{"start":{"line":30,"column":26},"end":{"line":30,"column":48}},"23":{"start":{"line":32,"column":2},"end":{"line":32,"column":15}}},"fnMap":{"0":{"name":"changeFormat","decl":{"start":{"line":2,"column":9},"end":{"line":2,"column":21}},"loc":{"start":{"line":2,"column":37},"end":{"line":13,"column":1}},"line":2},"1":{"name":"parse","decl":{"start":{"line":15,"column":16},"end":{"line":15,"column":21}},"loc":{"start":{"line":15,"column":29},"end":{"line":33,"column":1}},"line":15}},"branchMap":{"0":{"loc":{"start":{"line":3,"column":2},"end":{"line":10,"column":3}},"type":"if","locations":[{"start":{"line":3,"column":2},"end":{"line":10,"column":3}},{"start":{"line":6,"column":9},"end":{"line":10,"column":3}}],"line":3},"1":{"loc":{"start":{"line":17,"column":2},"end":{"line":17,"column":42}},"type":"if","locations":[{"start":{"line":17,"column":2},"end":{"line":17,"column":42}},{"start":{},"end":{}}],"line":17},"2":{"loc":{"start":{"line":21,"column":4},"end":{"line":27,"column":49}},"type":"if","locations":[{"start":{"line":21,"column":4},"end":{"line":27,"column":49}},{"start":{"line":25,"column":11},"end":{"line":27,"column":49}}],"line":21},"3":{"loc":{"start":{"line":22,"column":6},"end":{"line":24,"column":30}},"type":"if","locations":[{"start":{"line":22,"column":6},"end":{"line":24,"column":30}},{"start":{"line":24,"column":11},"end":{"line":24,"column":30}}],"line":22},"4":{"loc":{"start":{"line":25,"column":11},"end":{"line":27,"column":49}},"type":"if","locations":[{"start":{"line":25,"column":11},"end":{"line":27,"column":49}},{"start":{"line":27,"column":9},"end":{"line":27,"column":49}}],"line":25},"5":{"loc":{"start":{"line":25,"column":15},"end":{"line":25,"column":63}},"type":"binary-expr","locations":[{"start":{"line":25,"column":15},"end":{"line":25,"column":37}},{"start":{"line":25,"column":41},"end":{"line":25,"column":63}}],"line":25},"6":{"loc":{"start":{"line":27,"column":9},"end":{"line":27,"column":49}},"type":"if","locations":[{"start":{"line":27,"column":9},"end":{"line":27,"column":49}},{"start":{},"end":{}}],"line":27},"7":{"loc":{"start":{"line":30,"column":2},"end":{"line":30,"column":48}},"type":"if","locations":[{"start":{"line":30,"column":2},"end":{"line":30,"column":48}},{"start":{},"end":{}}],"line":30}},"s":{"0":5,"1":3,"2":3,"3":2,"4":2,"5":2,"6":5,"7":4,"8":4,"9":0,"10":4,"11":4,"12":4,"13":19,"14":4,"15":2,"16":2,"17":15,"18":3,"19":12,"20":9,"21":4,"22":1,"23":3},"f":{"0":5,"1":4},"b":{"0":[3,2],"1":[0,4],"2":[4,15],"3":[2,2],"4":[3,12],"5":[15,13],"6":[9,3],"7":[1,3]},"_coverageSchema":"1a1c01bbd47fc00a2c39e90264f33305004495a9","hash":"d8c176c17f106204212ba0830b48fa774b16d0c0"}
}
