TN:
SF:src/calculations.js
FN:2,calculations
FNF:1
FNH:1
FNDA:2,calculations
DA:3,2
DA:4,13
DA:5,13
DA:8,2
DA:9,2
DA:10,2
DA:11,2
DA:12,2
DA:13,2
DA:14,2
DA:15,2
DA:16,2
DA:17,2
LF:13
LH:13
BRDA:4,0,0,0
BRDA:4,0,1,13
BRF:2
BRH:1
end_of_record
TN:
SF:src/make-html.js
FN:4,makeHTML
FN:44,blogTemplate
FNF:2
FNH:1
FNDA:1,makeHTML
FNDA:0,blogTemplate
DA:5,1
DA:7,1
DA:10,1
DA:12,1
DA:13,1
DA:14,1
DA:16,1
DA:17,8
DA:24,1
DA:33,1
DA:45,0
DA:46,0
LF:12
LH:10
BRDA:12,0,0,1
BRDA:12,0,1,0
BRDA:44,1,0,0
BRDA:45,2,0,0
BRDA:45,2,1,0
BRF:5
BRH:1
end_of_record
TN:
SF:src/parser.js
FN:1,parse
FN:22,changeFormat
FNF:2
FNH:2
FNDA:5,parse
FNDA:8,changeFormat
DA:3,5
DA:4,4
DA:5,4
DA:7,4
DA:8,11
DA:9,5
DA:10,5
DA:11,0
DA:12,6
DA:13,3
DA:14,3
DA:18,4
DA:20,4
DA:23,8
DA:24,3
DA:25,3
DA:27,5
DA:28,5
DA:29,5
DA:32,8
LF:20
LH:19
BRDA:3,0,0,1
BRDA:3,0,1,4
BRDA:8,1,0,5
BRDA:8,1,1,6
BRDA:9,2,0,5
BRDA:9,2,1,0
BRDA:12,3,0,3
BRDA:12,3,1,3
BRDA:12,4,0,6
BRDA:12,4,1,4
BRDA:14,5,0,0
BRDA:14,5,1,3
BRDA:18,6,0,0
BRDA:18,6,1,4
BRDA:23,7,0,3
BRDA:23,7,1,5
BRF:16
BRH:13
end_of_record
