TN:
SF:src/calculations.js
FN:3,calculations
FNF:1
FNH:1
FNDA:1,calculations
DA:4,1
DA:5,1
DA:6,4
DA:9,1
DA:10,1
DA:11,1
DA:12,1
DA:13,1
DA:14,1
DA:15,1
DA:16,1
DA:17,1
DA:18,1
LF:13
LH:13
BRF:0
BRH:0
end_of_record
TN:
SF:src/make-html.js
FN:3,makeHTML
FN:31,makeIndex
FN:40,skraTemplate
FNF:3
FNH:1
FNDA:1,makeHTML
FNDA:0,makeIndex
FNDA:0,skraTemplate
DA:4,1
DA:6,1
DA:8,1
DA:9,1
DA:10,1
DA:11,8
DA:15,1
DA:19,1
DA:28,1
DA:32,0
DA:33,0
DA:34,0
DA:35,0
DA:37,0
DA:41,0
DA:42,0
LF:16
LH:9
BRDA:8,0,0,1
BRDA:8,0,1,0
BRDA:40,1,0,0
BRDA:41,2,0,0
BRDA:41,2,1,0
BRF:5
BRH:1
end_of_record
TN:
SF:src/parser.js
FN:2,changeFormat
FN:15,parse
FNF:2
FNH:2
FNDA:5,changeFormat
FNDA:4,parse
DA:3,5
DA:4,3
DA:5,3
DA:7,2
DA:8,2
DA:9,2
DA:12,5
DA:16,4
DA:17,3
DA:18,3
DA:20,3
DA:21,8
DA:22,2
DA:23,2
DA:24,0
DA:25,6
DA:26,3
DA:27,3
DA:31,3
DA:33,3
LF:20
LH:19
BRDA:3,0,0,3
BRDA:3,0,1,2
BRDA:16,1,0,1
BRDA:16,1,1,3
BRDA:21,2,0,2
BRDA:21,2,1,6
BRDA:22,3,0,2
BRDA:22,3,1,0
BRDA:25,4,0,3
BRDA:25,4,1,3
BRDA:25,5,0,6
BRDA:25,5,1,4
BRDA:27,6,0,0
BRDA:27,6,1,3
BRDA:31,7,0,0
BRDA:31,7,1,3
BRF:16
BRH:13
end_of_record
